<?xml version="1.0" encoding="UTF-8"?>
<testng-results ignored="0" total="1" passed="1" failed="0" skipped="0">
  <reporter-output>
  </reporter-output>
  <suite started-at="2024-08-24T19:19:33 IST" name="Surefire suite" finished-at="2024-08-24T19:19:34 IST" duration-ms="958">
    <groups>
    </groups>
    <test started-at="2024-08-24T19:19:33 IST" name="Surefire test" finished-at="2024-08-24T19:19:34 IST" duration-ms="958">
      <class name="JuneCucumber2024.JuneCucumber2024.AppTest">
        <test-method signature="testApp()" started-at="2024-08-24T19:19:33 IST" name="testApp" finished-at="2024-08-24T19:19:33 IST" duration-ms="21" status="PASS">
          <reporter-output>
          </reporter-output>
        </test-method> <!-- testApp -->
      </class> <!-- JuneCucumber2024.JuneCucumber2024.AppTest -->
    </test> <!-- Surefire test -->
  </suite> <!-- Surefire suite -->
</testng-results>
