<?xml version="1.0" encoding="UTF-8"?>
<testsuite xmlns:xsi="http://www.w3.org/2001/XMLSchema-instance" xsi:noNamespaceSchemaLocation="https://maven.apache.org/surefire/maven-surefire-plugin/xsd/surefire-test-report-3.0.xsd" version="3.0" name="TestSuite" time="3.559" tests="6" errors="0" skipped="0" failures="0">
  <properties>
[...]
</properties>
  <testcase name="runScenario[&quot;Successfull Login with Valid Credentials&quot;, &quot;Login feature&quot;](1)" classname="Runner.TestNGRunner" time="0.178">
    <system-out><![CDATA[-----------------Start of Scenario-----------------
This will run before the every Scenario
Before method
Initialize Selenium Webdriver
Open the browser
Home Page
login Page
UserNAME and password
successfull
After method
This will run after the every Scenario
-----------------End of Scenario-----------------
]]></system-out>
    <system-err><![CDATA[SLF4J: Failed to load class "org.slf4j.impl.StaticLoggerBinder".
SLF4J: Defaulting to no-operation (NOP) logger implementation
SLF4J: See http://www.slf4j.org/codes.html#StaticLoggerBinder for further details.
]]></system-err>
  </testcase>
  <testcase name="runScenario[&quot;valid creds login with given Values&quot;, &quot;Login feature&quot;](2)" classname="Runner.TestNGRunner" time="0.045">
    <system-out><![CDATA[-----------------Start of Scenario-----------------
This will run before the every Scenario
Before method
Before Smoke method
Initialize Selenium Webdriver
Open the browser
I am on login page
Enter username Rahul and passwordAutomation
Click on submit button
verify Homepage title
After Smoke method
After method
This will run after the every Scenario
-----------------End of Scenario-----------------
]]></system-out>
  </testcase>
  <testcase name="runScenario[&quot;valid creds login with step Values&quot;, &quot;Login feature&quot;](3)" classname="Runner.TestNGRunner" time="0.025">
    <system-out><![CDATA[-----------------Start of Scenario-----------------
This will run before the every Scenario
Before method
Initialize Selenium Webdriver
Open the browser
I am on login page
Rahul
Kansal
Click on submit button
verify Homepage title
After method
This will run after the every Scenario
-----------------End of Scenario-----------------
]]></system-out>
  </testcase>
  <testcase name="runScenario[&quot;valid creds login with multiple Values&quot;, &quot;Login feature&quot;](4)" classname="Runner.TestNGRunner" time="0.02">
    <system-out><![CDATA[-----------------Start of Scenario-----------------
This will run before the every Scenario
Before method
Initialize Selenium Webdriver
Open the browser
I am on login page
user1
password1
Click on submit button
verify Homepage title
After method
This will run after the every Scenario
-----------------End of Scenario-----------------
]]></system-out>
  </testcase>
  <testcase name="runScenario[&quot;valid creds login with multiple Values&quot;, &quot;Login feature&quot;](5)" classname="Runner.TestNGRunner" time="0.008">
    <system-out><![CDATA[-----------------Start of Scenario-----------------
This will run before the every Scenario
Before method
Initialize Selenium Webdriver
Open the browser
I am on login page
user2
password2
Click on submit button
verify Homepage title
After method
This will run after the every Scenario
-----------------End of Scenario-----------------
]]></system-out>
  </testcase>
  <testcase name="testApp on testApp(JuneCucumber2024.JuneCucumber2024.AppTest)" classname="JuneCucumber2024.JuneCucumber2024.AppTest" time="0.0">
    <system-err><![CDATA[&amp#27;[32m&amp#27;[1m┌───────────────────────────────────────────────────────────────────────────────────┐&amp#27;[0m
&amp#27;[32m&amp#27;[1m│&amp#27;[0m Share your Cucumber Report with your team at &amp#27;[36m&amp#27;[1m&amp#27;[4mhttps://reports.cucumber.io&amp#27;[0m          &amp#27;[32m&amp#27;[1m│&amp#27;[0m
&amp#27;[32m&amp#27;[1m│&amp#27;[0m Activate publishing with one of the following:                                    &amp#27;[32m&amp#27;[1m│&amp#27;[0m
&amp#27;[32m&amp#27;[1m│&amp#27;[0m                                                                                   &amp#27;[32m&amp#27;[1m│&amp#27;[0m
&amp#27;[32m&amp#27;[1m│&amp#27;[0m src/test/resources/cucumber.properties:          &amp#27;[36mcucumber.publish.enabled&amp#27;[0m=&amp#27;[36mtrue&amp#27;[0m    &amp#27;[32m&amp#27;[1m│&amp#27;[0m
&amp#27;[32m&amp#27;[1m│&amp#27;[0m src/test/resources/junit-platform.properties:    &amp#27;[36mcucumber.publish.enabled&amp#27;[0m=&amp#27;[36mtrue&amp#27;[0m    &amp#27;[32m&amp#27;[1m│&amp#27;[0m
&amp#27;[32m&amp#27;[1m│&amp#27;[0m Environment variable:                            &amp#27;[36mCUCUMBER_PUBLISH_ENABLED&amp#27;[0m=&amp#27;[36mtrue&amp#27;[0m    &amp#27;[32m&amp#27;[1m│&amp#27;[0m
&amp#27;[32m&amp#27;[1m│&amp#27;[0m JUnit:                                           &amp#27;[36m@CucumberOptions&amp#27;[0m(publish = &amp#27;[36mtrue&amp#27;[0m) &amp#27;[32m&amp#27;[1m│&amp#27;[0m
&amp#27;[32m&amp#27;[1m│&amp#27;[0m                                                                                   &amp#27;[32m&amp#27;[1m│&amp#27;[0m
&amp#27;[32m&amp#27;[1m│&amp#27;[0m More information at &amp#27;[36mhttps://cucumber.io/docs/cucumber/environment-variables/&amp#27;[0m      &amp#27;[32m&amp#27;[1m│&amp#27;[0m
&amp#27;[32m&amp#27;[1m│&amp#27;[0m                                                                                   &amp#27;[32m&amp#27;[1m│&amp#27;[0m
&amp#27;[32m&amp#27;[1m│&amp#27;[0m Disable this message with one of the following:                                   &amp#27;[32m&amp#27;[1m│&amp#27;[0m
&amp#27;[32m&amp#27;[1m│&amp#27;[0m                                                                                   &amp#27;[32m&amp#27;[1m│&amp#27;[0m
&amp#27;[32m&amp#27;[1m│&amp#27;[0m src/test/resources/cucumber.properties:          &amp#27;[36mcucumber.publish.quiet&amp#27;[0m=&amp#27;[36mtrue&amp#27;[0m      &amp#27;[32m&amp#27;[1m│&amp#27;[0m
&amp#27;[32m&amp#27;[1m│&amp#27;[0m src/test/resources/junit-platform.properties:    &amp#27;[36mcucumber.publish.quiet&amp#27;[0m=&amp#27;[36mtrue&amp#27;[0m      &amp#27;[32m&amp#27;[1m│&amp#27;[0m
&amp#27;[32m&amp#27;[1m└───────────────────────────────────────────────────────────────────────────────────┘&amp#27;[0m
]]></system-err>
  </testcase>
</testsuite>